Using pre-set license
Built from '2021.3/release' branch; Version is '2021.3.12f1 (8af3c3e441b1) revision 9106371'; Using compiler version '192829333'; Build Type 'Release'
OS: 'Windows 10  (10.0.19044) 64bit Professional' Language: 'en' Physical Memory: 16309 MB
BatchMode: 1, IsHumanControllingUs: 0, StartBugReporterOnCrash: 0, Is64bit: 1, IsPro: 1

COMMAND LINE ARGUMENTS:
C:\Program Files\Unity\Hub\Editor\2021.3.12f1\Editor\Unity.exe
-adb2
-batchMode
-noUpm
-name
AssetImportWorker2
-projectPath
C:/Users/rocky/NSC MK1
-logFile
Logs/AssetImportWorker2.log
-srvPort
57824
Successfully changed project path to: C:/Users/rocky/NSC MK1
C:/Users/rocky/NSC MK1
[UnityMemory] Configuration Parameters - Can be set up in boot.config
    "memorysetup-bucket-allocator-granularity=16"
    "memorysetup-bucket-allocator-bucket-count=8"
    "memorysetup-bucket-allocator-block-size=33554432"
    "memorysetup-bucket-allocator-block-count=8"
    "memorysetup-main-allocator-block-size=16777216"
    "memorysetup-thread-allocator-block-size=16777216"
    "memorysetup-gfx-main-allocator-block-size=16777216"
    "memorysetup-gfx-thread-allocator-block-size=16777216"
    "memorysetup-cache-allocator-block-size=4194304"
    "memorysetup-typetree-allocator-block-size=2097152"
    "memorysetup-profiler-bucket-allocator-granularity=16"
    "memorysetup-profiler-bucket-allocator-bucket-count=8"
    "memorysetup-profiler-bucket-allocator-block-size=33554432"
    "memorysetup-profiler-bucket-allocator-block-count=8"
    "memorysetup-profiler-allocator-block-size=16777216"
    "memorysetup-profiler-editor-allocator-block-size=1048576"
    "memorysetup-temp-allocator-size-main=16777216"
    "memorysetup-job-temp-allocator-block-size=2097152"
    "memorysetup-job-temp-allocator-block-size-background=1048576"
    "memorysetup-job-temp-allocator-reduction-small-platforms=262144"
    "memorysetup-temp-allocator-size-background-worker=32768"
    "memorysetup-temp-allocator-size-job-worker=262144"
    "memorysetup-temp-allocator-size-preload-manager=33554432"
    "memorysetup-temp-allocator-size-nav-mesh-worker=65536"
    "memorysetup-temp-allocator-size-audio-worker=65536"
    "memorysetup-temp-allocator-size-cloud-worker=32768"
    "memorysetup-temp-allocator-size-gi-baking-worker=262144"
    "memorysetup-temp-allocator-size-gfx=262144"
Refreshing native plugins compatible for Editor in 64.23 ms, found 3 plugins.
Preloading 0 native plugins for Editor in 0.00 ms.
Initialize engine version: 2021.3.12f1 (8af3c3e441b1)
[Subsystems] Discovering subsystems at path C:/Program Files/Unity/Hub/Editor/2021.3.12f1/Editor/Data/Resources/UnitySubsystems
[Subsystems] Discovering subsystems at path C:/Users/rocky/NSC MK1/Assets
GfxDevice: creating device client; threaded=0; jobified=0
Direct3D:
    Version:  Direct3D 11.0 [level 11.1]
    Renderer: NVIDIA GeForce GTX 1070 (ID=0x1b81)
    Vendor:   NVIDIA
    VRAM:     8088 MB
    Driver:   31.0.15.1748
Initialize mono
Mono path[0] = 'C:/Program Files/Unity/Hub/Editor/2021.3.12f1/Editor/Data/Managed'
Mono path[1] = 'C:/Program Files/Unity/Hub/Editor/2021.3.12f1/Editor/Data/MonoBleedingEdge/lib/mono/unityjit-win32'
Mono config path = 'C:/Program Files/Unity/Hub/Editor/2021.3.12f1/Editor/Data/MonoBleedingEdge/etc'
Using monoOptions --debugger-agent=transport=dt_socket,embedding=1,server=y,suspend=n,address=127.0.0.1:56708
Begin MonoManager ReloadAssembly
Registering precompiled unity dll's ...
Register platform support module: C:/Program Files/Unity/Hub/Editor/2021.3.12f1/Editor/Data/PlaybackEngines/WindowsStandaloneSupport/UnityEditor.WindowsStandalone.Extensions.dll
Registered in 0.005630 seconds.
Native extension for WindowsStandalone target not found
Refreshing native plugins compatible for Editor in 62.48 ms, found 3 plugins.
Preloading 0 native plugins for Editor in 0.00 ms.
Mono: successfully reloaded assembly
- Completed reload, in  0.497 seconds
Domain Reload Profiling:
	ReloadAssembly (498ms)
		BeginReloadAssembly (65ms)
			ExecutionOrderSort (0ms)
			DisableScriptedObjects (0ms)
			BackupInstance (0ms)
			ReleaseScriptingObjects (0ms)
			CreateAndSetChildDomain (1ms)
		EndReloadAssembly (345ms)
			LoadAssemblies (63ms)
			RebuildTransferFunctionScriptingTraits (0ms)
			SetupTypeCache (78ms)
			ReleaseScriptCaches (0ms)
			RebuildScriptCaches (22ms)
			SetupLoadedEditorAssemblies (202ms)
				LogAssemblyErrors (0ms)
				InitializePlatformSupportModulesInManaged (6ms)
				SetLoadedEditorAssemblies (0ms)
				RefreshPlugins (63ms)
				BeforeProcessingInitializeOnLoad (1ms)
				ProcessInitializeOnLoadAttributes (99ms)
				ProcessInitializeOnLoadMethodAttributes (33ms)
				AfterProcessingInitializeOnLoad (0ms)
				EditorAssembliesLoaded (0ms)
			ExecutionOrderSort2 (0ms)
			AwakeInstancesAfterBackupRestoration (0ms)
Platform modules already initialized, skipping
Registering precompiled user dll's ...
Registered in 0.004893 seconds.
Begin MonoManager ReloadAssembly
Symbol file LoadedFromMemory doesn't match image C:\Users\rocky\NSC MK1\Library\PackageCache\com.unity.visualscripting@1.7.8\Editor\VisualScripting.Core\Dependencies\YamlDotNet\Unity.VisualScripting.YamlDotNet.dll
Symbol file LoadedFromMemory doesn't match image C:\Users\rocky\NSC MK1\Library\PackageCache\com.unity.visualscripting@1.7.8\Editor\VisualScripting.Core\Dependencies\DotNetZip\Unity.VisualScripting.IonicZip.dll
Native extension for WindowsStandalone target not found
Refreshing native plugins compatible for Editor in 0.81 ms, found 3 plugins.
Preloading 0 native plugins for Editor in 0.00 ms.
Mono: successfully reloaded assembly
- Completed reload, in  0.779 seconds
Domain Reload Profiling:
	ReloadAssembly (780ms)
		BeginReloadAssembly (89ms)
			ExecutionOrderSort (0ms)
			DisableScriptedObjects (6ms)
			BackupInstance (0ms)
			ReleaseScriptingObjects (0ms)
			CreateAndSetChildDomain (19ms)
		EndReloadAssembly (599ms)
			LoadAssemblies (64ms)
			RebuildTransferFunctionScriptingTraits (0ms)
			SetupTypeCache (196ms)
			ReleaseScriptCaches (1ms)
			RebuildScriptCaches (39ms)
			SetupLoadedEditorAssemblies (274ms)
				LogAssemblyErrors (0ms)
				InitializePlatformSupportModulesInManaged (5ms)
				SetLoadedEditorAssemblies (0ms)
				RefreshPlugins (1ms)
				BeforeProcessingInitializeOnLoad (72ms)
				ProcessInitializeOnLoadAttributes (166ms)
				ProcessInitializeOnLoadMethodAttributes (23ms)
				AfterProcessingInitializeOnLoad (7ms)
				EditorAssembliesLoaded (0ms)
			ExecutionOrderSort2 (0ms)
			AwakeInstancesAfterBackupRestoration (4ms)
Platform modules already initialized, skipping
========================================================================
Worker process is ready to serve import requests
Launched and connected shader compiler UnityShaderCompiler.exe after 0.04 seconds
Refreshing native plugins compatible for Editor in 1.26 ms, found 3 plugins.
Preloading 0 native plugins for Editor in 0.00 ms.
Unloading 3385 Unused Serialized files (Serialized files now loaded: 0)
Unloading 27 unused Assets / (113.5 KB). Loaded Objects now: 3857.
Memory consumption went from 122.9 MB to 122.8 MB.
Total: 3.692000 ms (FindLiveObjects: 0.351300 ms CreateObjectMapping: 0.296600 ms MarkObjects: 2.916800 ms  DeleteObjects: 0.126300 ms)

AssetImportParameters requested are different than current active one (requested -> active):
  custom:video-decoder-ogg-theora: a1e56fd34408186e4bbccfd4996cb3dc -> 
  custom:container-muxer-webm: aa71ff27fc2769a1b78a27578f13a17b -> 
  custom:container-demuxer-webm: 4f35f7cbe854078d1ac9338744f61a02 -> 
  custom:video-encoder-webm-vp8: eb34c28f22e8b96e1ab97ce403110664 -> 
  custom:audio-encoder-webm-vorbis: bf7c407c2cedff20999df2af8eb42d56 -> 
  custom:framework-win-MediaFoundation: 216162199b28c13a410421893ffa2e32 -> 
  custom:container-demuxer-ogg: 62fdf1f143b41e24485cea50d1cbac27 -> 
  custom:video-decoder-webm-vp8: 9c59270c3fd7afecdb556c50c9e8de78 -> 
  custom:audio-decoder-ogg-vorbis: bf7c407c2cedff20999df2af8eb42d56 -> 
========================================================================
Received Import Request.
  Time since last request: 79768.584153 seconds.
  path: Assets/_TerrainAutoUpgrade/layer_ground_kaminky23d3aba195e4d26ee.terrainlayer
  artifactKey: Guid(b49c03a06a7a21c429e951a1ae5db80a) Importer(815301076,1909f56bfc062723c751e8b465ee728b)
Start importing Assets/_TerrainAutoUpgrade/layer_ground_kaminky23d3aba195e4d26ee.terrainlayer using Guid(b49c03a06a7a21c429e951a1ae5db80a) Importer(815301076,1909f56bfc062723c751e8b465ee728b)  -> (artifact id: 'bf7c41187b95b5f8696b298da4c06b7a') in 0.075005 seconds 
========================================================================
Received Import Request.
  Time since last request: 3.015086 seconds.
  path: Assets/NikolayFedorov
  artifactKey: Guid(bc563ad94b80d674a9e4da3fdd02273c) Importer(815301076,1909f56bfc062723c751e8b465ee728b)
Start importing Assets/NikolayFedorov using Guid(bc563ad94b80d674a9e4da3fdd02273c) Importer(815301076,1909f56bfc062723c751e8b465ee728b)  -> (artifact id: 'f8898de50c9b0f27c4503483a705fb5f') in 0.004935 seconds 
========================================================================
Received Import Request.
  Time since last request: 3.358251 seconds.
  path: Assets/Scenes
  artifactKey: Guid(6ea315d0fd7389c41b19996891e99ae3) Importer(815301076,1909f56bfc062723c751e8b465ee728b)
Start importing Assets/Scenes using Guid(6ea315d0fd7389c41b19996891e99ae3) Importer(815301076,1909f56bfc062723c751e8b465ee728b)  -> (artifact id: 'b8193726cff86800c54781cdc6d54904') in 0.005059 seconds 
========================================================================
Received Import Request.
  Time since last request: 522.262088 seconds.
  path: Assets/Coconut Palm Tree Pack
  artifactKey: Guid(ca69c1dc4833a6649a5aed2ee786b8b4) Importer(815301076,1909f56bfc062723c751e8b465ee728b)
Start importing Assets/Coconut Palm Tree Pack using Guid(ca69c1dc4833a6649a5aed2ee786b8b4) Importer(815301076,1909f56bfc062723c751e8b465ee728b)  -> (artifact id: 'be2f2a46957df4929689ce4959708853') in 0.005169 seconds 
========================================================================
Received Import Request.
  Time since last request: 1.630038 seconds.
  path: Assets/Decorations
  artifactKey: Guid(b54be6387e922644986b2c2eb0db1ce3) Importer(815301076,1909f56bfc062723c751e8b465ee728b)
Start importing Assets/Decorations using Guid(b54be6387e922644986b2c2eb0db1ce3) Importer(815301076,1909f56bfc062723c751e8b465ee728b)  -> (artifact id: '1d3ba438dc18ae3ec13bd0e869b501fe') in 0.006065 seconds 
========================================================================
Received Import Request.
  Time since last request: 20.225005 seconds.
  path: Assets/Decorations/Materials/asfalt.mat
  artifactKey: Guid(02c71b656eede484693c57cc6d8dbf86) Importer(815301076,1909f56bfc062723c751e8b465ee728b)
Start importing Assets/Decorations/Materials/asfalt.mat using Guid(02c71b656eede484693c57cc6d8dbf86) Importer(815301076,1909f56bfc062723c751e8b465ee728b)  -> (artifact id: '995dc7212436562bc6ccc0643749c2d8') in 0.144018 seconds 
========================================================================
Received Import Request.
  Time since last request: 0.000022 seconds.
  path: Assets/Decorations/Materials/brick.mat
  artifactKey: Guid(3d5483b074ddf0745bb75ecdae09c0e4) Importer(815301076,1909f56bfc062723c751e8b465ee728b)
Start importing Assets/Decorations/Materials/brick.mat using Guid(3d5483b074ddf0745bb75ecdae09c0e4) Importer(815301076,1909f56bfc062723c751e8b465ee728b)  -> (artifact id: '6ab0153e75f838a2d2b9d2119f462e7e') in 0.012242 seconds 
========================================================================
Received Import Request.
  Time since last request: 0.000026 seconds.
  path: Assets/Decorations/Materials/tablica.mat
  artifactKey: Guid(fa86dad50b460bc45868f9f5f7af5999) Importer(815301076,1909f56bfc062723c751e8b465ee728b)
Start importing Assets/Decorations/Materials/tablica.mat using Guid(fa86dad50b460bc45868f9f5f7af5999) Importer(815301076,1909f56bfc062723c751e8b465ee728b)  -> (artifact id: 'b05914194893d318dda68c1c5dd3f4e6') in 0.008957 seconds 
========================================================================
Received Import Request.
  Time since last request: 0.000017 seconds.
  path: Assets/Decorations/Materials/mat_001.mat
  artifactKey: Guid(79dbbf8e30089d94f8597be6ffa96cd4) Importer(815301076,1909f56bfc062723c751e8b465ee728b)
Start importing Assets/Decorations/Materials/mat_001.mat using Guid(79dbbf8e30089d94f8597be6ffa96cd4) Importer(815301076,1909f56bfc062723c751e8b465ee728b)  -> (artifact id: 'aa92fab779fd545053075dc62eb139fe') in 0.011890 seconds 
========================================================================
Received Import Request.
  Time since last request: 0.000019 seconds.
  path: Assets/Decorations/Materials/karoseria_white.mat
  artifactKey: Guid(bf405b4778c41674099d22950b428fd2) Importer(815301076,1909f56bfc062723c751e8b465ee728b)
Start importing Assets/Decorations/Materials/karoseria_white.mat using Guid(bf405b4778c41674099d22950b428fd2) Importer(815301076,1909f56bfc062723c751e8b465ee728b)  -> (artifact id: '030fe8d346f38732b29dc08939a8cc84') in 0.010907 seconds 
========================================================================
Received Import Request.
  Time since last request: 0.000019 seconds.
  path: Assets/Decorations/Materials/bright_yellow.mat
  artifactKey: Guid(66e7933ccacdb544883c93e68a76cc84) Importer(815301076,1909f56bfc062723c751e8b465ee728b)
Start importing Assets/Decorations/Materials/bright_yellow.mat using Guid(66e7933ccacdb544883c93e68a76cc84) Importer(815301076,1909f56bfc062723c751e8b465ee728b)  -> (artifact id: '3aa897e76b3792a258cf2cfe53d04337') in 0.013063 seconds 
========================================================================
Received Import Request.
  Time since last request: 0.000023 seconds.
  path: Assets/Decorations/Materials/mat_001_001.mat
  artifactKey: Guid(b055032b406825445afdfabd2cf4cbe0) Importer(815301076,1909f56bfc062723c751e8b465ee728b)
Start importing Assets/Decorations/Materials/mat_001_001.mat using Guid(b055032b406825445afdfabd2cf4cbe0) Importer(815301076,1909f56bfc062723c751e8b465ee728b)  -> (artifact id: '14c2e8df7c78b115994f0b9405d67519') in 0.010167 seconds 
========================================================================
Received Import Request.
  Time since last request: 0.000022 seconds.
  path: Assets/Decorations/Materials/mat_042.mat
  artifactKey: Guid(1a7356e9a2d1ff641925205f1e2bcaeb) Importer(815301076,1909f56bfc062723c751e8b465ee728b)
Start importing Assets/Decorations/Materials/mat_042.mat using Guid(1a7356e9a2d1ff641925205f1e2bcaeb) Importer(815301076,1909f56bfc062723c751e8b465ee728b)  -> (artifact id: '33eb442ec320dbb14862e8f7eb14f232') in 0.012429 seconds 
========================================================================
Received Import Request.
  Time since last request: 0.000019 seconds.
  path: Assets/Decorations/Materials/mat_006.mat
  artifactKey: Guid(bf061cc32dc6fd14892e7ca4078d74ce) Importer(815301076,1909f56bfc062723c751e8b465ee728b)
Start importing Assets/Decorations/Materials/mat_006.mat using Guid(bf061cc32dc6fd14892e7ca4078d74ce) Importer(815301076,1909f56bfc062723c751e8b465ee728b)  -> (artifact id: '10aeb525284ea135b9102a63b6f7ae48') in 0.010358 seconds 
========================================================================
Received Import Request.
  Time since last request: 0.000018 seconds.
  path: Assets/Decorations/Materials/lampa_red.mat
  artifactKey: Guid(483eed7048bbdf94c8184fe9a276b2c3) Importer(815301076,1909f56bfc062723c751e8b465ee728b)
Start importing Assets/Decorations/Materials/lampa_red.mat using Guid(483eed7048bbdf94c8184fe9a276b2c3) Importer(815301076,1909f56bfc062723c751e8b465ee728b)  -> (artifact id: 'f34779fcdd8443971648b77c01839d8e') in 0.009239 seconds 
========================================================================
Received Import Request.
  Time since last request: 0.000023 seconds.
  path: Assets/Decorations/Materials/mat_005.mat
  artifactKey: Guid(83e82fa354d6da14bb35306102a773d8) Importer(815301076,1909f56bfc062723c751e8b465ee728b)
Start importing Assets/Decorations/Materials/mat_005.mat using Guid(83e82fa354d6da14bb35306102a773d8) Importer(815301076,1909f56bfc062723c751e8b465ee728b)  -> (artifact id: '4659cb46065fba99c62e36d33745481b') in 0.008844 seconds 
========================================================================
Received Import Request.
  Time since last request: 0.000022 seconds.
  path: Assets/Decorations/Materials/mat_028.mat
  artifactKey: Guid(d4a0fb29aa81c1b4abfcc4af5eab98b7) Importer(815301076,1909f56bfc062723c751e8b465ee728b)
Start importing Assets/Decorations/Materials/mat_028.mat using Guid(d4a0fb29aa81c1b4abfcc4af5eab98b7) Importer(815301076,1909f56bfc062723c751e8b465ee728b)  -> (artifact id: '3eff0c301cdad0ded081d636504f9878') in 0.009466 seconds 
========================================================================
Received Import Request.
  Time since last request: 0.000023 seconds.
  path: Assets/Decorations/Materials/gray_2.mat
  artifactKey: Guid(272f9317853cb0c449f03a5bf8c121cb) Importer(815301076,1909f56bfc062723c751e8b465ee728b)
Start importing Assets/Decorations/Materials/gray_2.mat using Guid(272f9317853cb0c449f03a5bf8c121cb) Importer(815301076,1909f56bfc062723c751e8b465ee728b)  -> (artifact id: '9971c5d3d10bef6927833b88bd159255') in 0.009156 seconds 
========================================================================
Received Import Request.
  Time since last request: 0.000019 seconds.
  path: Assets/Decorations/Materials/karoseria_green.mat
  artifactKey: Guid(34691e877e8ff4e46a6bc9b7e0062091) Importer(815301076,1909f56bfc062723c751e8b465ee728b)
Start importing Assets/Decorations/Materials/karoseria_green.mat using Guid(34691e877e8ff4e46a6bc9b7e0062091) Importer(815301076,1909f56bfc062723c751e8b465ee728b)  -> (artifact id: '173244b1906259935178d5773afa3ec0') in 0.009388 seconds 
========================================================================
Received Import Request.
  Time since last request: 0.000018 seconds.
  path: Assets/Decorations/Materials/red_emiter.mat
  artifactKey: Guid(0a1323c9f04f8c84aa59092a42039fe4) Importer(815301076,1909f56bfc062723c751e8b465ee728b)
Start importing Assets/Decorations/Materials/red_emiter.mat using Guid(0a1323c9f04f8c84aa59092a42039fe4) Importer(815301076,1909f56bfc062723c751e8b465ee728b)  -> (artifact id: '49fe1b7e0c4afb7343a8a4fa4bdfe3d4') in 0.009136 seconds 
========================================================================
Received Import Request.
  Time since last request: 0.000021 seconds.
  path: Assets/Decorations/Materials/mat_003.mat
  artifactKey: Guid(9be889efcbc589d41b2dc506d3fe71f5) Importer(815301076,1909f56bfc062723c751e8b465ee728b)
Start importing Assets/Decorations/Materials/mat_003.mat using Guid(9be889efcbc589d41b2dc506d3fe71f5) Importer(815301076,1909f56bfc062723c751e8b465ee728b)  -> (artifact id: '79a4b9187c826660ef1ee7d7d250cefd') in 0.009362 seconds 
========================================================================
Received Import Request.
  Time since last request: 0.000022 seconds.
  path: Assets/Decorations/Materials/mat_000.mat
  artifactKey: Guid(a8faac199022ae94aa47e807af01702a) Importer(815301076,1909f56bfc062723c751e8b465ee728b)
Start importing Assets/Decorations/Materials/mat_000.mat using Guid(a8faac199022ae94aa47e807af01702a) Importer(815301076,1909f56bfc062723c751e8b465ee728b)  -> (artifact id: '7793039e90baa44cd3ba4e65c46f9046') in 0.008412 seconds 
========================================================================
Received Import Request.
  Time since last request: 13.891474 seconds.
  path: Assets/Decorations/bench_1_v_1.fbx
  artifactKey: Guid(0765c890073ff194f939b8df69c96520) Importer(815301076,1909f56bfc062723c751e8b465ee728b)
Start importing Assets/Decorations/bench_1_v_1.fbx using Guid(0765c890073ff194f939b8df69c96520) Importer(815301076,1909f56bfc062723c751e8b465ee728b)  -> (artifact id: 'defcb16740b162f8a2c14be890fbf53d') in 0.228453 seconds 
========================================================================
Received Import Request.
  Time since last request: 0.000026 seconds.
  path: Assets/Decorations/road_intersection_X 1.fbx
  artifactKey: Guid(30b62ebb1b2c74445adf93ec7865cfdb) Importer(815301076,1909f56bfc062723c751e8b465ee728b)
Start importing Assets/Decorations/road_intersection_X 1.fbx using Guid(30b62ebb1b2c74445adf93ec7865cfdb) Importer(815301076,1909f56bfc062723c751e8b465ee728b)  -> (artifact id: '6f17e308c8b541fdb335c11da316da48') in 0.019972 seconds 
========================================================================
Received Import Request.
  Time since last request: 0.000046 seconds.
  path: Assets/Decorations/road_v_3.fbx
  artifactKey: Guid(0cb0dc0a38702cb499cce153d520c3f5) Importer(815301076,1909f56bfc062723c751e8b465ee728b)
Start importing Assets/Decorations/road_v_3.fbx using Guid(0cb0dc0a38702cb499cce153d520c3f5) Importer(815301076,1909f56bfc062723c751e8b465ee728b)  -> (artifact id: '41b11b0b5f9427754d45d5cc988b596b') in 0.014409 seconds 
========================================================================
Received Import Request.
  Time since last request: 0.000026 seconds.
  path: Assets/Decorations/road_v_5.fbx
  artifactKey: Guid(33993229e0b9e1e438449cfb1a82a91a) Importer(815301076,1909f56bfc062723c751e8b465ee728b)
Start importing Assets/Decorations/road_v_5.fbx using Guid(33993229e0b9e1e438449cfb1a82a91a) Importer(815301076,1909f56bfc062723c751e8b465ee728b)  -> (artifact id: '44bbf4568afd8bd6328d521112800a2f') in 0.013581 seconds 
========================================================================
Received Import Request.
  Time since last request: 0.000019 seconds.
  path: Assets/Decorations/road_v_4.fbx
  artifactKey: Guid(bd904bf06fb40e4478bb82e9df00079b) Importer(815301076,1909f56bfc062723c751e8b465ee728b)
Start importing Assets/Decorations/road_v_4.fbx using Guid(bd904bf06fb40e4478bb82e9df00079b) Importer(815301076,1909f56bfc062723c751e8b465ee728b)  -> (artifact id: 'fc93252738c73642347d01e1665d811e') in 0.015029 seconds 
========================================================================
Received Import Request.
  Time since last request: 0.000022 seconds.
  path: Assets/Decorations/car_red.fbx
  artifactKey: Guid(39d371fa45fd6c146bb29d40fb1a764f) Importer(815301076,1909f56bfc062723c751e8b465ee728b)
Start importing Assets/Decorations/car_red.fbx using Guid(39d371fa45fd6c146bb29d40fb1a764f) Importer(815301076,1909f56bfc062723c751e8b465ee728b)  -> (artifact id: '386d2d2fe0f93469876a64d3cc7f1632') in 0.012480 seconds 
========================================================================
Received Import Request.
  Time since last request: 0.000020 seconds.
  path: Assets/Decorations/bench_2_v_3.fbx
  artifactKey: Guid(8d099d309566e4d4fabf0a167d269e1d) Importer(815301076,1909f56bfc062723c751e8b465ee728b)
Start importing Assets/Decorations/bench_2_v_3.fbx using Guid(8d099d309566e4d4fabf0a167d269e1d) Importer(815301076,1909f56bfc062723c751e8b465ee728b)  -> (artifact id: 'd60d530a2c5224555dd5241467266138') in 0.012419 seconds 
========================================================================
Received Import Request.
  Time since last request: 0.000021 seconds.
  path: Assets/Decorations/road_stop.fbx
  artifactKey: Guid(bc014c26716b82a4dba4ae3c3bbf1d0b) Importer(815301076,1909f56bfc062723c751e8b465ee728b)
Start importing Assets/Decorations/road_stop.fbx using Guid(bc014c26716b82a4dba4ae3c3bbf1d0b) Importer(815301076,1909f56bfc062723c751e8b465ee728b)  -> (artifact id: 'a6868c8d3b202f25f4dcb2da4bc4e31c') in 0.012067 seconds 
========================================================================
Received Import Request.
  Time since last request: 0.000022 seconds.
  path: Assets/Decorations/bench_2_v_2.fbx
  artifactKey: Guid(ccc418124eae89c46bfbf5ab529e24a5) Importer(815301076,1909f56bfc062723c751e8b465ee728b)
Start importing Assets/Decorations/bench_2_v_2.fbx using Guid(ccc418124eae89c46bfbf5ab529e24a5) Importer(815301076,1909f56bfc062723c751e8b465ee728b)  -> (artifact id: '3afd4f48e0d0247f43dbf623f8edd36c') in 0.013320 seconds 
========================================================================
Received Import Request.
  Time since last request: 0.000020 seconds.
  path: Assets/Decorations/road_v_2.fbx
  artifactKey: Guid(cb9a2a7a5af1c264f906dc5d6ef863c5) Importer(815301076,1909f56bfc062723c751e8b465ee728b)
Start importing Assets/Decorations/road_v_2.fbx using Guid(cb9a2a7a5af1c264f906dc5d6ef863c5) Importer(815301076,1909f56bfc062723c751e8b465ee728b)  -> (artifact id: '34b2ca2c5591d3a9fc2db24d54c61090') in 0.014311 seconds 
========================================================================
Received Import Request.
  Time since last request: 0.000022 seconds.
  path: Assets/Decorations/road_intersection_T.fbx
  artifactKey: Guid(8bcfdd1caed6d2a488dcdc220b13f8cb) Importer(815301076,1909f56bfc062723c751e8b465ee728b)
Start importing Assets/Decorations/road_intersection_T.fbx using Guid(8bcfdd1caed6d2a488dcdc220b13f8cb) Importer(815301076,1909f56bfc062723c751e8b465ee728b)  -> (artifact id: '67057770c741835d90817a97a0e32daa') in 0.011735 seconds 
========================================================================
Received Import Request.
  Time since last request: 0.000020 seconds.
  path: Assets/Decorations/tree_3.fbx
  artifactKey: Guid(d7c673489ae779f4981703d07a67fa6d) Importer(815301076,1909f56bfc062723c751e8b465ee728b)
Start importing Assets/Decorations/tree_3.fbx using Guid(d7c673489ae779f4981703d07a67fa6d) Importer(815301076,1909f56bfc062723c751e8b465ee728b)  -> (artifact id: '80fa8ef35236548b47318c179a85b79e') in 0.015090 seconds 
========================================================================
Received Import Request.
  Time since last request: 0.000021 seconds.
  path: Assets/Decorations/tree_1.fbx
  artifactKey: Guid(0001ef2c9558aba49a7eb3ef1ad3b64d) Importer(815301076,1909f56bfc062723c751e8b465ee728b)
Start importing Assets/Decorations/tree_1.fbx using Guid(0001ef2c9558aba49a7eb3ef1ad3b64d) Importer(815301076,1909f56bfc062723c751e8b465ee728b)  -> (artifact id: 'cdaae5e505714cc3de66a554a677eeb3') in 0.014093 seconds 
========================================================================
Received Import Request.
  Time since last request: 0.000019 seconds.
  path: Assets/Decorations/street_lamp_1.fbx
  artifactKey: Guid(e05292a117908484b8f0bb664bf154ff) Importer(815301076,1909f56bfc062723c751e8b465ee728b)
Start importing Assets/Decorations/street_lamp_1.fbx using Guid(e05292a117908484b8f0bb664bf154ff) Importer(815301076,1909f56bfc062723c751e8b465ee728b)  -> (artifact id: '939af352a3b8bbd9063446d5142c5d81') in 0.013026 seconds 
Editor requested this worker to shutdown with reason: Scaling down because of idle timeout
AssetImportWorker is now disconnected from the server
Process exiting
Exiting without the bug reporter. Application will terminate with return code 0