Using pre-set license
Built from '2021.3/release' branch; Version is '2021.3.12f1 (8af3c3e441b1) revision 9106371'; Using compiler version '192829333'; Build Type 'Release'
OS: 'Windows 10  (10.0.19044) 64bit Professional' Language: 'en' Physical Memory: 16309 MB
BatchMode: 1, IsHumanControllingUs: 0, StartBugReporterOnCrash: 0, Is64bit: 1, IsPro: 1

COMMAND LINE ARGUMENTS:
C:\Program Files\Unity\Hub\Editor\2021.3.12f1\Editor\Unity.exe
-adb2
-batchMode
-noUpm
-name
AssetImportWorker1
-projectPath
C:/Users/rocky/NSC MK1/NewNSC-MK1
-logFile
Logs/AssetImportWorker1.log
-srvPort
53781
Successfully changed project path to: C:/Users/rocky/NSC MK1/NewNSC-MK1
C:/Users/rocky/NSC MK1/NewNSC-MK1
[UnityMemory] Configuration Parameters - Can be set up in boot.config
    "memorysetup-bucket-allocator-granularity=16"
    "memorysetup-bucket-allocator-bucket-count=8"
    "memorysetup-bucket-allocator-block-size=33554432"
    "memorysetup-bucket-allocator-block-count=8"
    "memorysetup-main-allocator-block-size=16777216"
    "memorysetup-thread-allocator-block-size=16777216"
    "memorysetup-gfx-main-allocator-block-size=16777216"
    "memorysetup-gfx-thread-allocator-block-size=16777216"
    "memorysetup-cache-allocator-block-size=4194304"
    "memorysetup-typetree-allocator-block-size=2097152"
    "memorysetup-profiler-bucket-allocator-granularity=16"
    "memorysetup-profiler-bucket-allocator-bucket-count=8"
    "memorysetup-profiler-bucket-allocator-block-size=33554432"
    "memorysetup-profiler-bucket-allocator-block-count=8"
    "memorysetup-profiler-allocator-block-size=16777216"
    "memorysetup-profiler-editor-allocator-block-size=1048576"
    "memorysetup-temp-allocator-size-main=16777216"
    "memorysetup-job-temp-allocator-block-size=2097152"
    "memorysetup-job-temp-allocator-block-size-background=1048576"
    "memorysetup-job-temp-allocator-reduction-small-platforms=262144"
    "memorysetup-temp-allocator-size-background-worker=32768"
    "memorysetup-temp-allocator-size-job-worker=262144"
    "memorysetup-temp-allocator-size-preload-manager=33554432"
    "memorysetup-temp-allocator-size-nav-mesh-worker=65536"
    "memorysetup-temp-allocator-size-audio-worker=65536"
    "memorysetup-temp-allocator-size-cloud-worker=32768"
    "memorysetup-temp-allocator-size-gi-baking-worker=262144"
    "memorysetup-temp-allocator-size-gfx=262144"
Refreshing native plugins compatible for Editor in 59.09 ms, found 3 plugins.
Preloading 0 native plugins for Editor in 0.00 ms.
Initialize engine version: 2021.3.12f1 (8af3c3e441b1)
[Subsystems] Discovering subsystems at path C:/Program Files/Unity/Hub/Editor/2021.3.12f1/Editor/Data/Resources/UnitySubsystems
[Subsystems] Discovering subsystems at path C:/Users/rocky/NSC MK1/NewNSC-MK1/Assets
GfxDevice: creating device client; threaded=0; jobified=0
Direct3D:
    Version:  Direct3D 11.0 [level 11.1]
    Renderer: NVIDIA GeForce GTX 1070 (ID=0x1b81)
    Vendor:   NVIDIA
    VRAM:     8088 MB
    Driver:   31.0.15.1748
Initialize mono
Mono path[0] = 'C:/Program Files/Unity/Hub/Editor/2021.3.12f1/Editor/Data/Managed'
Mono path[1] = 'C:/Program Files/Unity/Hub/Editor/2021.3.12f1/Editor/Data/MonoBleedingEdge/lib/mono/unityjit-win32'
Mono config path = 'C:/Program Files/Unity/Hub/Editor/2021.3.12f1/Editor/Data/MonoBleedingEdge/etc'
Using monoOptions --debugger-agent=transport=dt_socket,embedding=1,server=y,suspend=n,address=127.0.0.1:56348
Begin MonoManager ReloadAssembly
Registering precompiled unity dll's ...
Register platform support module: C:/Program Files/Unity/Hub/Editor/2021.3.12f1/Editor/Data/PlaybackEngines/WindowsStandaloneSupport/UnityEditor.WindowsStandalone.Extensions.dll
Registered in 0.005601 seconds.
Native extension for WindowsStandalone target not found
Refreshing native plugins compatible for Editor in 62.02 ms, found 3 plugins.
Preloading 0 native plugins for Editor in 0.00 ms.
Mono: successfully reloaded assembly
- Completed reload, in  0.470 seconds
Domain Reload Profiling:
	ReloadAssembly (470ms)
		BeginReloadAssembly (57ms)
			ExecutionOrderSort (0ms)
			DisableScriptedObjects (0ms)
			BackupInstance (0ms)
			ReleaseScriptingObjects (0ms)
			CreateAndSetChildDomain (1ms)
		EndReloadAssembly (327ms)
			LoadAssemblies (55ms)
			RebuildTransferFunctionScriptingTraits (0ms)
			SetupTypeCache (80ms)
			ReleaseScriptCaches (0ms)
			RebuildScriptCaches (20ms)
			SetupLoadedEditorAssemblies (189ms)
				LogAssemblyErrors (0ms)
				InitializePlatformSupportModulesInManaged (6ms)
				SetLoadedEditorAssemblies (0ms)
				RefreshPlugins (62ms)
				BeforeProcessingInitializeOnLoad (1ms)
				ProcessInitializeOnLoadAttributes (88ms)
				ProcessInitializeOnLoadMethodAttributes (32ms)
				AfterProcessingInitializeOnLoad (0ms)
				EditorAssembliesLoaded (0ms)
			ExecutionOrderSort2 (0ms)
			AwakeInstancesAfterBackupRestoration (0ms)
Platform modules already initialized, skipping
Registering precompiled user dll's ...
Registered in 0.004822 seconds.
Begin MonoManager ReloadAssembly
Native extension for WindowsStandalone target not found
Refreshing native plugins compatible for Editor in 0.56 ms, found 3 plugins.
Preloading 0 native plugins for Editor in 0.00 ms.
Mono: successfully reloaded assembly
- Completed reload, in  0.755 seconds
Domain Reload Profiling:
	ReloadAssembly (755ms)
		BeginReloadAssembly (89ms)
			ExecutionOrderSort (0ms)
			DisableScriptedObjects (5ms)
			BackupInstance (0ms)
			ReleaseScriptingObjects (0ms)
			CreateAndSetChildDomain (18ms)
		EndReloadAssembly (578ms)
			LoadAssemblies (72ms)
			RebuildTransferFunctionScriptingTraits (0ms)
			SetupTypeCache (185ms)
			ReleaseScriptCaches (1ms)
			RebuildScriptCaches (36ms)
			SetupLoadedEditorAssemblies (266ms)
				LogAssemblyErrors (0ms)
				InitializePlatformSupportModulesInManaged (4ms)
				SetLoadedEditorAssemblies (0ms)
				RefreshPlugins (1ms)
				BeforeProcessingInitializeOnLoad (67ms)
				ProcessInitializeOnLoadAttributes (162ms)
				ProcessInitializeOnLoadMethodAttributes (22ms)
				AfterProcessingInitializeOnLoad (9ms)
				EditorAssembliesLoaded (0ms)
			ExecutionOrderSort2 (0ms)
			AwakeInstancesAfterBackupRestoration (4ms)
Platform modules already initialized, skipping
========================================================================
Worker process is ready to serve import requests
Launched and connected shader compiler UnityShaderCompiler.exe after 0.04 seconds
Refreshing native plugins compatible for Editor in 1.39 ms, found 3 plugins.
Preloading 0 native plugins for Editor in 0.00 ms.
Unloading 3387 Unused Serialized files (Serialized files now loaded: 0)
Unloading 27 unused Assets / (113.5 KB). Loaded Objects now: 3859.
Memory consumption went from 123.5 MB to 123.4 MB.
Total: 3.106300 ms (FindLiveObjects: 0.259100 ms CreateObjectMapping: 0.168500 ms MarkObjects: 2.567300 ms  DeleteObjects: 0.110700 ms)

AssetImportParameters requested are different than current active one (requested -> active):
  custom:video-decoder-ogg-theora: a1e56fd34408186e4bbccfd4996cb3dc -> 
  custom:container-muxer-webm: aa71ff27fc2769a1b78a27578f13a17b -> 
  custom:container-demuxer-webm: 4f35f7cbe854078d1ac9338744f61a02 -> 
  custom:video-encoder-webm-vp8: eb34c28f22e8b96e1ab97ce403110664 -> 
  custom:audio-encoder-webm-vorbis: bf7c407c2cedff20999df2af8eb42d56 -> 
  custom:framework-win-MediaFoundation: 216162199b28c13a410421893ffa2e32 -> 
  custom:container-demuxer-ogg: 62fdf1f143b41e24485cea50d1cbac27 -> 
  custom:video-decoder-webm-vp8: 9c59270c3fd7afecdb556c50c9e8de78 -> 
  custom:audio-decoder-ogg-vorbis: bf7c407c2cedff20999df2af8eb42d56 -> 
========================================================================
Received Import Request.
  Time since last request: 81563.494837 seconds.
  path: Assets/sceneplow.unity
  artifactKey: Guid(765ea3d6c1c475944a2bd5e89c6bc4c3) Importer(815301076,1909f56bfc062723c751e8b465ee728b)
Start importing Assets/sceneplow.unity using Guid(765ea3d6c1c475944a2bd5e89c6bc4c3) Importer(815301076,1909f56bfc062723c751e8b465ee728b)  -> (artifact id: '93f3621bf1fdc5b3c016aa23a17fc873') in 0.010981 seconds 
========================================================================
Received Import Request.
  Time since last request: 6.334761 seconds.
  path: Assets/Coconut Palm Tree Pack/Prefabs/Coconut_Palm_Tree02.prefab
  artifactKey: Guid(c7bc3a9d18ad39d43a6927004d0c24d8) Importer(815301076,1909f56bfc062723c751e8b465ee728b)
Start importing Assets/Coconut Palm Tree Pack/Prefabs/Coconut_Palm_Tree02.prefab using Guid(c7bc3a9d18ad39d43a6927004d0c24d8) Importer(815301076,1909f56bfc062723c751e8b465ee728b)  -> (artifact id: '79bbafa437949ebc23368dc4110d5025') in 0.314717 seconds 
========================================================================
Received Import Request.
  Time since last request: 0.000022 seconds.
  path: Assets/Coconut Palm Tree Pack/Prefabs/Coconut_Palm_Tree07.prefab
  artifactKey: Guid(0d1a48b95430c604b93adbd07a23d89d) Importer(815301076,1909f56bfc062723c751e8b465ee728b)
Start importing Assets/Coconut Palm Tree Pack/Prefabs/Coconut_Palm_Tree07.prefab using Guid(0d1a48b95430c604b93adbd07a23d89d) Importer(815301076,1909f56bfc062723c751e8b465ee728b)  -> (artifact id: '40b294cf9dfab201d47871ce810f8934') in 0.024215 seconds 
========================================================================
Received Import Request.
  Time since last request: 0.000023 seconds.
  path: Assets/Coconut Palm Tree Pack/Prefabs/Coconut_Palm_Tree04.prefab
  artifactKey: Guid(95f86f1f0990c4b41ab62be60974c732) Importer(815301076,1909f56bfc062723c751e8b465ee728b)
Start importing Assets/Coconut Palm Tree Pack/Prefabs/Coconut_Palm_Tree04.prefab using Guid(95f86f1f0990c4b41ab62be60974c732) Importer(815301076,1909f56bfc062723c751e8b465ee728b)  -> (artifact id: '063c291aa17119fa215929ecd1f6b3f8') in 0.017383 seconds 
========================================================================
Received Import Request.
  Time since last request: 0.000016 seconds.
  path: Assets/Coconut Palm Tree Pack/Prefabs/Coconut_Palm_Tree08.prefab
  artifactKey: Guid(ef42109948810e64b94083d7a3c6d924) Importer(815301076,1909f56bfc062723c751e8b465ee728b)
Start importing Assets/Coconut Palm Tree Pack/Prefabs/Coconut_Palm_Tree08.prefab using Guid(ef42109948810e64b94083d7a3c6d924) Importer(815301076,1909f56bfc062723c751e8b465ee728b)  -> (artifact id: '3741e27eb4819d0848ad347d3c106054') in 0.016740 seconds 
========================================================================
Received Import Request.
  Time since last request: 0.000016 seconds.
  path: Assets/Coconut Palm Tree Pack/Prefabs/Coconut_Palm_Tree12.prefab
  artifactKey: Guid(cf3fc3bb61400ef4c85d231500be1ebb) Importer(815301076,1909f56bfc062723c751e8b465ee728b)
Start importing Assets/Coconut Palm Tree Pack/Prefabs/Coconut_Palm_Tree12.prefab using Guid(cf3fc3bb61400ef4c85d231500be1ebb) Importer(815301076,1909f56bfc062723c751e8b465ee728b)  -> (artifact id: '148a723571e6c212ace31398a6c5f061') in 0.016305 seconds 
========================================================================
Received Import Request.
  Time since last request: 0.000017 seconds.
  path: Assets/Coconut Palm Tree Pack/Prefabs/Coconut_Palm_Tree11.prefab
  artifactKey: Guid(fa0b15e3267056f4da7aa5d4d7bff7de) Importer(815301076,1909f56bfc062723c751e8b465ee728b)
Start importing Assets/Coconut Palm Tree Pack/Prefabs/Coconut_Palm_Tree11.prefab using Guid(fa0b15e3267056f4da7aa5d4d7bff7de) Importer(815301076,1909f56bfc062723c751e8b465ee728b)  -> (artifact id: 'ac018aa3fe08fb0ccc32c514b6b61882') in 0.015757 seconds 
