Using pre-set license
Built from '2021.3/release' branch; Version is '2021.3.12f1 (8af3c3e441b1) revision 9106371'; Using compiler version '192829333'; Build Type 'Release'
OS: 'Windows 10  (10.0.19044) 64bit Professional' Language: 'en' Physical Memory: 16309 MB
BatchMode: 1, IsHumanControllingUs: 0, StartBugReporterOnCrash: 0, Is64bit: 1, IsPro: 1

COMMAND LINE ARGUMENTS:
C:\Program Files\Unity\Hub\Editor\2021.3.12f1\Editor\Unity.exe
-adb2
-batchMode
-noUpm
-name
AssetImportWorker1
-projectPath
C:/Users/rocky/NSC MK1
-logFile
Logs/AssetImportWorker1.log
-srvPort
57824
Successfully changed project path to: C:/Users/rocky/NSC MK1
C:/Users/rocky/NSC MK1
[UnityMemory] Configuration Parameters - Can be set up in boot.config
    "memorysetup-bucket-allocator-granularity=16"
    "memorysetup-bucket-allocator-bucket-count=8"
    "memorysetup-bucket-allocator-block-size=33554432"
    "memorysetup-bucket-allocator-block-count=8"
    "memorysetup-main-allocator-block-size=16777216"
    "memorysetup-thread-allocator-block-size=16777216"
    "memorysetup-gfx-main-allocator-block-size=16777216"
    "memorysetup-gfx-thread-allocator-block-size=16777216"
    "memorysetup-cache-allocator-block-size=4194304"
    "memorysetup-typetree-allocator-block-size=2097152"
    "memorysetup-profiler-bucket-allocator-granularity=16"
    "memorysetup-profiler-bucket-allocator-bucket-count=8"
    "memorysetup-profiler-bucket-allocator-block-size=33554432"
    "memorysetup-profiler-bucket-allocator-block-count=8"
    "memorysetup-profiler-allocator-block-size=16777216"
    "memorysetup-profiler-editor-allocator-block-size=1048576"
    "memorysetup-temp-allocator-size-main=16777216"
    "memorysetup-job-temp-allocator-block-size=2097152"
    "memorysetup-job-temp-allocator-block-size-background=1048576"
    "memorysetup-job-temp-allocator-reduction-small-platforms=262144"
    "memorysetup-temp-allocator-size-background-worker=32768"
    "memorysetup-temp-allocator-size-job-worker=262144"
    "memorysetup-temp-allocator-size-preload-manager=33554432"
    "memorysetup-temp-allocator-size-nav-mesh-worker=65536"
    "memorysetup-temp-allocator-size-audio-worker=65536"
    "memorysetup-temp-allocator-size-cloud-worker=32768"
    "memorysetup-temp-allocator-size-gi-baking-worker=262144"
    "memorysetup-temp-allocator-size-gfx=262144"
Refreshing native plugins compatible for Editor in 62.26 ms, found 3 plugins.
Preloading 0 native plugins for Editor in 0.00 ms.
Initialize engine version: 2021.3.12f1 (8af3c3e441b1)
[Subsystems] Discovering subsystems at path C:/Program Files/Unity/Hub/Editor/2021.3.12f1/Editor/Data/Resources/UnitySubsystems
[Subsystems] Discovering subsystems at path C:/Users/rocky/NSC MK1/Assets
GfxDevice: creating device client; threaded=0; jobified=0
Direct3D:
    Version:  Direct3D 11.0 [level 11.1]
    Renderer: NVIDIA GeForce GTX 1070 (ID=0x1b81)
    Vendor:   NVIDIA
    VRAM:     8088 MB
    Driver:   31.0.15.1748
Initialize mono
Mono path[0] = 'C:/Program Files/Unity/Hub/Editor/2021.3.12f1/Editor/Data/Managed'
Mono path[1] = 'C:/Program Files/Unity/Hub/Editor/2021.3.12f1/Editor/Data/MonoBleedingEdge/lib/mono/unityjit-win32'
Mono config path = 'C:/Program Files/Unity/Hub/Editor/2021.3.12f1/Editor/Data/MonoBleedingEdge/etc'
Using monoOptions --debugger-agent=transport=dt_socket,embedding=1,server=y,suspend=n,address=127.0.0.1:56184
Begin MonoManager ReloadAssembly
Registering precompiled unity dll's ...
Register platform support module: C:/Program Files/Unity/Hub/Editor/2021.3.12f1/Editor/Data/PlaybackEngines/WindowsStandaloneSupport/UnityEditor.WindowsStandalone.Extensions.dll
Registered in 0.008507 seconds.
Native extension for WindowsStandalone target not found
Refreshing native plugins compatible for Editor in 70.03 ms, found 3 plugins.
Preloading 0 native plugins for Editor in 0.00 ms.
Mono: successfully reloaded assembly
- Completed reload, in  0.503 seconds
Domain Reload Profiling:
	ReloadAssembly (504ms)
		BeginReloadAssembly (64ms)
			ExecutionOrderSort (0ms)
			DisableScriptedObjects (0ms)
			BackupInstance (0ms)
			ReleaseScriptingObjects (0ms)
			CreateAndSetChildDomain (1ms)
		EndReloadAssembly (348ms)
			LoadAssemblies (61ms)
			RebuildTransferFunctionScriptingTraits (0ms)
			SetupTypeCache (79ms)
			ReleaseScriptCaches (0ms)
			RebuildScriptCaches (21ms)
			SetupLoadedEditorAssemblies (208ms)
				LogAssemblyErrors (0ms)
				InitializePlatformSupportModulesInManaged (6ms)
				SetLoadedEditorAssemblies (0ms)
				RefreshPlugins (70ms)
				BeforeProcessingInitializeOnLoad (1ms)
				ProcessInitializeOnLoadAttributes (91ms)
				ProcessInitializeOnLoadMethodAttributes (39ms)
				AfterProcessingInitializeOnLoad (0ms)
				EditorAssembliesLoaded (0ms)
			ExecutionOrderSort2 (0ms)
			AwakeInstancesAfterBackupRestoration (0ms)
Platform modules already initialized, skipping
Registering precompiled user dll's ...
Registered in 0.004807 seconds.
Begin MonoManager ReloadAssembly
Symbol file LoadedFromMemory doesn't match image C:\Users\rocky\NSC MK1\Library\PackageCache\com.unity.visualscripting@1.7.8\Editor\VisualScripting.Core\Dependencies\YamlDotNet\Unity.VisualScripting.YamlDotNet.dll
Symbol file LoadedFromMemory doesn't match image C:\Users\rocky\NSC MK1\Library\PackageCache\com.unity.visualscripting@1.7.8\Editor\VisualScripting.Core\Dependencies\DotNetZip\Unity.VisualScripting.IonicZip.dll
Native extension for WindowsStandalone target not found
Refreshing native plugins compatible for Editor in 0.63 ms, found 3 plugins.
Preloading 0 native plugins for Editor in 0.00 ms.
Mono: successfully reloaded assembly
- Completed reload, in  0.797 seconds
Domain Reload Profiling:
	ReloadAssembly (798ms)
		BeginReloadAssembly (94ms)
			ExecutionOrderSort (0ms)
			DisableScriptedObjects (5ms)
			BackupInstance (0ms)
			ReleaseScriptingObjects (0ms)
			CreateAndSetChildDomain (19ms)
		EndReloadAssembly (610ms)
			LoadAssemblies (69ms)
			RebuildTransferFunctionScriptingTraits (0ms)
			SetupTypeCache (207ms)
			ReleaseScriptCaches (1ms)
			RebuildScriptCaches (39ms)
			SetupLoadedEditorAssemblies (274ms)
				LogAssemblyErrors (0ms)
				InitializePlatformSupportModulesInManaged (6ms)
				SetLoadedEditorAssemblies (0ms)
				RefreshPlugins (1ms)
				BeforeProcessingInitializeOnLoad (70ms)
				ProcessInitializeOnLoadAttributes (166ms)
				ProcessInitializeOnLoadMethodAttributes (23ms)
				AfterProcessingInitializeOnLoad (7ms)
				EditorAssembliesLoaded (0ms)
			ExecutionOrderSort2 (0ms)
			AwakeInstancesAfterBackupRestoration (4ms)
Platform modules already initialized, skipping
========================================================================
Worker process is ready to serve import requests
Launched and connected shader compiler UnityShaderCompiler.exe after 0.05 seconds
Refreshing native plugins compatible for Editor in 0.71 ms, found 3 plugins.
Preloading 0 native plugins for Editor in 0.00 ms.
Unloading 3385 Unused Serialized files (Serialized files now loaded: 0)
Unloading 27 unused Assets / (113.5 KB). Loaded Objects now: 3857.
Memory consumption went from 122.9 MB to 122.8 MB.
Total: 3.237700 ms (FindLiveObjects: 0.277500 ms CreateObjectMapping: 0.178200 ms MarkObjects: 2.637100 ms  DeleteObjects: 0.143900 ms)

AssetImportParameters requested are different than current active one (requested -> active):
  custom:video-decoder-ogg-theora: a1e56fd34408186e4bbccfd4996cb3dc -> 
  custom:container-muxer-webm: aa71ff27fc2769a1b78a27578f13a17b -> 
  custom:container-demuxer-webm: 4f35f7cbe854078d1ac9338744f61a02 -> 
  custom:video-encoder-webm-vp8: eb34c28f22e8b96e1ab97ce403110664 -> 
  custom:audio-encoder-webm-vorbis: bf7c407c2cedff20999df2af8eb42d56 -> 
  custom:framework-win-MediaFoundation: 216162199b28c13a410421893ffa2e32 -> 
  custom:container-demuxer-ogg: 62fdf1f143b41e24485cea50d1cbac27 -> 
  custom:video-decoder-webm-vp8: 9c59270c3fd7afecdb556c50c9e8de78 -> 
  custom:audio-decoder-ogg-vorbis: bf7c407c2cedff20999df2af8eb42d56 -> 
========================================================================
Received Import Request.
  Time since last request: 79768.519763 seconds.
  path: Assets/_TerrainAutoUpgrade
  artifactKey: Guid(9555a0d1d7cedcc4db1a32f7098dbe27) Importer(815301076,1909f56bfc062723c751e8b465ee728b)
Start importing Assets/_TerrainAutoUpgrade using Guid(9555a0d1d7cedcc4db1a32f7098dbe27) Importer(815301076,1909f56bfc062723c751e8b465ee728b)  -> (artifact id: '57ae78b26ed6b25c79a1f3fa675f2637') in 0.013249 seconds 
========================================================================
Received Import Request.
  Time since last request: 0.000020 seconds.
  path: Assets/Destroyed_city_FREE
  artifactKey: Guid(919d65b8e51a37d4eae43af8709cb6be) Importer(815301076,1909f56bfc062723c751e8b465ee728b)
Start importing Assets/Destroyed_city_FREE using Guid(919d65b8e51a37d4eae43af8709cb6be) Importer(815301076,1909f56bfc062723c751e8b465ee728b)  -> (artifact id: '39f671944f8d69ff6832eb3172015be5') in 0.005519 seconds 
========================================================================
Received Import Request.
  Time since last request: 0.000033 seconds.
  path: Assets/_TerrainAutoUpgrade/layer_wrak_zedb956af97c33fc3d7.terrainlayer
  artifactKey: Guid(fc107be64df5eb14ebe8d1dcf219c0fc) Importer(815301076,1909f56bfc062723c751e8b465ee728b)
Start importing Assets/_TerrainAutoUpgrade/layer_wrak_zedb956af97c33fc3d7.terrainlayer using Guid(fc107be64df5eb14ebe8d1dcf219c0fc) Importer(815301076,1909f56bfc062723c751e8b465ee728b)  -> (artifact id: 'b17da41d1be0a2822cb1d4ab1f227279') in 0.079405 seconds 
========================================================================
Received Import Request.
  Time since last request: 550.562209 seconds.
  path: Assets/Decorations/Materials/blue.mat
  artifactKey: Guid(4f371862014a03b4eb2af9b14e8588d4) Importer(815301076,1909f56bfc062723c751e8b465ee728b)
Start importing Assets/Decorations/Materials/blue.mat using Guid(4f371862014a03b4eb2af9b14e8588d4) Importer(815301076,1909f56bfc062723c751e8b465ee728b)  -> (artifact id: '561f85d84ddbf91b13fc1cee1536b163') in 0.142857 seconds 
========================================================================
Received Import Request.
  Time since last request: 0.000021 seconds.
  path: Assets/Decorations/Materials/lampa_wgite.mat
  artifactKey: Guid(fb38407f167859241a85db565e01c964) Importer(815301076,1909f56bfc062723c751e8b465ee728b)
Start importing Assets/Decorations/Materials/lampa_wgite.mat using Guid(fb38407f167859241a85db565e01c964) Importer(815301076,1909f56bfc062723c751e8b465ee728b)  -> (artifact id: 'd934d13b8e2ac496ffaa78f3c203f29d') in 0.032727 seconds 
========================================================================
Received Import Request.
  Time since last request: 0.000035 seconds.
  path: Assets/Decorations/Materials/mat_031.mat
  artifactKey: Guid(addfb5e7024b93d49b3f2cedf48be5cc) Importer(815301076,1909f56bfc062723c751e8b465ee728b)
Start importing Assets/Decorations/Materials/mat_031.mat using Guid(addfb5e7024b93d49b3f2cedf48be5cc) Importer(815301076,1909f56bfc062723c751e8b465ee728b)  -> (artifact id: '7b1ec4d020b81804fa6188bd566b8cb3') in 0.010784 seconds 
========================================================================
Received Import Request.
  Time since last request: 0.000020 seconds.
  path: Assets/Decorations/Materials/mat_032.mat
  artifactKey: Guid(b4085629d7eaa4143b01fab992d84b90) Importer(815301076,1909f56bfc062723c751e8b465ee728b)
Start importing Assets/Decorations/Materials/mat_032.mat using Guid(b4085629d7eaa4143b01fab992d84b90) Importer(815301076,1909f56bfc062723c751e8b465ee728b)  -> (artifact id: '404fb72d4efed37a7e8daf8a68e6782a') in 0.008923 seconds 
========================================================================
Received Import Request.
  Time since last request: 0.000017 seconds.
  path: Assets/Decorations/Materials/karoseria_orange.mat
  artifactKey: Guid(d4750a12d80f52c4db7c6e4e54d6cca3) Importer(815301076,1909f56bfc062723c751e8b465ee728b)
Start importing Assets/Decorations/Materials/karoseria_orange.mat using Guid(d4750a12d80f52c4db7c6e4e54d6cca3) Importer(815301076,1909f56bfc062723c751e8b465ee728b)  -> (artifact id: '53d655ffd060bffc7d6a750939d81996') in 0.011910 seconds 
========================================================================
Received Import Request.
  Time since last request: 0.000017 seconds.
  path: Assets/Decorations/Materials/blue_3.mat
  artifactKey: Guid(00e17528ef0941d4288a34f4b040bd2e) Importer(815301076,1909f56bfc062723c751e8b465ee728b)
Start importing Assets/Decorations/Materials/blue_3.mat using Guid(00e17528ef0941d4288a34f4b040bd2e) Importer(815301076,1909f56bfc062723c751e8b465ee728b)  -> (artifact id: 'f3c0bdd683873e0d7a5462673675d190') in 0.009042 seconds 
========================================================================
Received Import Request.
  Time since last request: 0.000019 seconds.
  path: Assets/Decorations/Materials/szyba.mat
  artifactKey: Guid(fcca9c2102043774da16f9d21479c3ff) Importer(815301076,1909f56bfc062723c751e8b465ee728b)
Start importing Assets/Decorations/Materials/szyba.mat using Guid(fcca9c2102043774da16f9d21479c3ff) Importer(815301076,1909f56bfc062723c751e8b465ee728b)  -> (artifact id: '84da0cb30f772d660ebb814d9ff1e89d') in 0.009901 seconds 
========================================================================
Received Import Request.
  Time since last request: 0.000017 seconds.
  path: Assets/Decorations/Materials/gray.mat
  artifactKey: Guid(378c0501885d5c64e9aee039cf019be6) Importer(815301076,1909f56bfc062723c751e8b465ee728b)
Start importing Assets/Decorations/Materials/gray.mat using Guid(378c0501885d5c64e9aee039cf019be6) Importer(815301076,1909f56bfc062723c751e8b465ee728b)  -> (artifact id: '625f3d33514d2e59e677fd35e17d5417') in 0.009408 seconds 
========================================================================
Received Import Request.
  Time since last request: 0.000019 seconds.
  path: Assets/Decorations/Materials/mat_007.mat
  artifactKey: Guid(ce8006d969ce74940ba32ce95e3b1a6b) Importer(815301076,1909f56bfc062723c751e8b465ee728b)
Start importing Assets/Decorations/Materials/mat_007.mat using Guid(ce8006d969ce74940ba32ce95e3b1a6b) Importer(815301076,1909f56bfc062723c751e8b465ee728b)  -> (artifact id: '2d397a4575d9fc8847fd82ef5b6bd61f') in 0.009330 seconds 
========================================================================
Received Import Request.
  Time since last request: 0.000027 seconds.
  path: Assets/Decorations/Materials/mat_005_001.mat
  artifactKey: Guid(5a0f8a1d924ace24fbcd9ddfb8e63319) Importer(815301076,1909f56bfc062723c751e8b465ee728b)
Start importing Assets/Decorations/Materials/mat_005_001.mat using Guid(5a0f8a1d924ace24fbcd9ddfb8e63319) Importer(815301076,1909f56bfc062723c751e8b465ee728b)  -> (artifact id: '1ae0905615339a0ac49a3d5f50cc5872') in 0.008837 seconds 
========================================================================
Received Import Request.
  Time since last request: 0.000020 seconds.
  path: Assets/Decorations/Materials/mat_015.mat
  artifactKey: Guid(f289d9385e439364f814279332e9f260) Importer(815301076,1909f56bfc062723c751e8b465ee728b)
Start importing Assets/Decorations/Materials/mat_015.mat using Guid(f289d9385e439364f814279332e9f260) Importer(815301076,1909f56bfc062723c751e8b465ee728b)  -> (artifact id: '08ebbc3c77da7599b14cefd79b27dc57') in 0.009384 seconds 
========================================================================
Received Import Request.
  Time since last request: 0.000026 seconds.
  path: Assets/Decorations/Materials/karoseria_blue.mat
  artifactKey: Guid(50204669bc327a34296a286a1bf8cdf4) Importer(815301076,1909f56bfc062723c751e8b465ee728b)
Start importing Assets/Decorations/Materials/karoseria_blue.mat using Guid(50204669bc327a34296a286a1bf8cdf4) Importer(815301076,1909f56bfc062723c751e8b465ee728b)  -> (artifact id: 'd51ab3bfa89805734c49607f84c5d6a5') in 0.009274 seconds 
========================================================================
Received Import Request.
  Time since last request: 0.000021 seconds.
  path: Assets/Decorations/Materials/mat_002.mat
  artifactKey: Guid(0b81f4725f4d0e942b080ccc73c5e9dc) Importer(815301076,1909f56bfc062723c751e8b465ee728b)
Start importing Assets/Decorations/Materials/mat_002.mat using Guid(0b81f4725f4d0e942b080ccc73c5e9dc) Importer(815301076,1909f56bfc062723c751e8b465ee728b)  -> (artifact id: '75c5d9cba6fd3dc7cfa0a4628812eb70') in 0.009000 seconds 
========================================================================
Received Import Request.
  Time since last request: 0.000020 seconds.
  path: Assets/Decorations/Materials/linie.mat
  artifactKey: Guid(2ea3a0d052d98064187d031ed808a335) Importer(815301076,1909f56bfc062723c751e8b465ee728b)
Start importing Assets/Decorations/Materials/linie.mat using Guid(2ea3a0d052d98064187d031ed808a335) Importer(815301076,1909f56bfc062723c751e8b465ee728b)  -> (artifact id: '7b25edb3dd72007659a77e06cfec6ddd') in 0.010170 seconds 
========================================================================
Received Import Request.
  Time since last request: 0.000019 seconds.
  path: Assets/Decorations/Materials/brown.mat
  artifactKey: Guid(0974fc08211580e44ab7826a2332931f) Importer(815301076,1909f56bfc062723c751e8b465ee728b)
Start importing Assets/Decorations/Materials/brown.mat using Guid(0974fc08211580e44ab7826a2332931f) Importer(815301076,1909f56bfc062723c751e8b465ee728b)  -> (artifact id: '0331e250ed573b66ca3481b30bccfc94') in 0.008917 seconds 
========================================================================
Received Import Request.
  Time since last request: 0.000026 seconds.
  path: Assets/Decorations/Materials/karoseria_red.mat
  artifactKey: Guid(8d0e70064dffd2042a0ba7ce7cbaa8cd) Importer(815301076,1909f56bfc062723c751e8b465ee728b)
Start importing Assets/Decorations/Materials/karoseria_red.mat using Guid(8d0e70064dffd2042a0ba7ce7cbaa8cd) Importer(815301076,1909f56bfc062723c751e8b465ee728b)  -> (artifact id: '316be515aefffb8e0f03920ac30e8e3d') in 0.009569 seconds 
========================================================================
Received Import Request.
  Time since last request: 13.891545 seconds.
  path: Assets/Decorations/bench_1_v_2.fbx
  artifactKey: Guid(119998b4b71309b4797177897219b79c) Importer(815301076,1909f56bfc062723c751e8b465ee728b)
Start importing Assets/Decorations/bench_1_v_2.fbx using Guid(119998b4b71309b4797177897219b79c) Importer(815301076,1909f56bfc062723c751e8b465ee728b)  -> (artifact id: '72c89db6140c45aeaef758392763c274') in 0.222570 seconds 
========================================================================
Received Import Request.
  Time since last request: 0.000024 seconds.
  path: Assets/Decorations/car_blue.fbx
  artifactKey: Guid(98b8e61a42070a540a048a44e550f812) Importer(815301076,1909f56bfc062723c751e8b465ee728b)
Start importing Assets/Decorations/car_blue.fbx using Guid(98b8e61a42070a540a048a44e550f812) Importer(815301076,1909f56bfc062723c751e8b465ee728b)  -> (artifact id: 'c6cd191a554f6e324c4fc84c57a92f85') in 0.023826 seconds 
========================================================================
Received Import Request.
  Time since last request: 0.000092 seconds.
  path: Assets/Decorations/sign_1.003.fbx
  artifactKey: Guid(153f4f1a90ebcdc4ea8eabffcc10de17) Importer(815301076,1909f56bfc062723c751e8b465ee728b)
Start importing Assets/Decorations/sign_1.003.fbx using Guid(153f4f1a90ebcdc4ea8eabffcc10de17) Importer(815301076,1909f56bfc062723c751e8b465ee728b)  -> (artifact id: '68324368b5a879c2a0a3008de093bb8c') in 0.013231 seconds 
========================================================================
Received Import Request.
  Time since last request: 0.000020 seconds.
  path: Assets/Decorations/fence_2.fbx
  artifactKey: Guid(c31d491304d6f444ab1c77751822a980) Importer(815301076,1909f56bfc062723c751e8b465ee728b)
Start importing Assets/Decorations/fence_2.fbx using Guid(c31d491304d6f444ab1c77751822a980) Importer(815301076,1909f56bfc062723c751e8b465ee728b)  -> (artifact id: 'b5fb044573f6b40fdd61637837ef9215') in 0.013625 seconds 
========================================================================
Received Import Request.
  Time since last request: 0.000023 seconds.
  path: Assets/Decorations/car_green.fbx
  artifactKey: Guid(d5b6d350b0446fd4bb81980150a0507e) Importer(815301076,1909f56bfc062723c751e8b465ee728b)
Start importing Assets/Decorations/car_green.fbx using Guid(d5b6d350b0446fd4bb81980150a0507e) Importer(815301076,1909f56bfc062723c751e8b465ee728b)  -> (artifact id: 'e661cf1a94f9a35e836af2145b85dce5') in 0.014009 seconds 
========================================================================
Received Import Request.
  Time since last request: 0.000024 seconds.
  path: Assets/Decorations/tree_4.fbx
  artifactKey: Guid(eb1cfc8303f4f584c8f43c4af9226acd) Importer(815301076,1909f56bfc062723c751e8b465ee728b)
Start importing Assets/Decorations/tree_4.fbx using Guid(eb1cfc8303f4f584c8f43c4af9226acd) Importer(815301076,1909f56bfc062723c751e8b465ee728b)  -> (artifact id: 'fa72da5f964e949625993e9db9223b4b') in 0.012085 seconds 
========================================================================
Received Import Request.
  Time since last request: 0.000024 seconds.
  path: Assets/Decorations/sign_1.004.fbx
  artifactKey: Guid(8b54eecba4ddca440adffcc154a19ab1) Importer(815301076,1909f56bfc062723c751e8b465ee728b)
Start importing Assets/Decorations/sign_1.004.fbx using Guid(8b54eecba4ddca440adffcc154a19ab1) Importer(815301076,1909f56bfc062723c751e8b465ee728b)  -> (artifact id: '3e0b49ea8e604778cf156365a8d4f376') in 0.012820 seconds 
========================================================================
Received Import Request.
  Time since last request: 0.000029 seconds.
  path: Assets/Decorations/bench_2_v_1.fbx
  artifactKey: Guid(3e3850fd8012e494fae8f1ef444dc2e2) Importer(815301076,1909f56bfc062723c751e8b465ee728b)
Start importing Assets/Decorations/bench_2_v_1.fbx using Guid(3e3850fd8012e494fae8f1ef444dc2e2) Importer(815301076,1909f56bfc062723c751e8b465ee728b)  -> (artifact id: '478837a1039496fff43fa1309858715a') in 0.013663 seconds 
========================================================================
Received Import Request.
  Time since last request: 0.000023 seconds.
  path: Assets/Decorations/sign_1.002.fbx
  artifactKey: Guid(dcb918f8d55b65f4f99583e56734aa7a) Importer(815301076,1909f56bfc062723c751e8b465ee728b)
Start importing Assets/Decorations/sign_1.002.fbx using Guid(dcb918f8d55b65f4f99583e56734aa7a) Importer(815301076,1909f56bfc062723c751e8b465ee728b)  -> (artifact id: 'a51ef23cdcb035e0522e364c39b62ced') in 0.014840 seconds 
========================================================================
Received Import Request.
  Time since last request: 0.000021 seconds.
  path: Assets/Decorations/tree_5.fbx
  artifactKey: Guid(a85384746d57ef7429c0b6665941555c) Importer(815301076,1909f56bfc062723c751e8b465ee728b)
Start importing Assets/Decorations/tree_5.fbx using Guid(a85384746d57ef7429c0b6665941555c) Importer(815301076,1909f56bfc062723c751e8b465ee728b)  -> (artifact id: '2cbf2ce4674006fb1eed7bd762456231') in 0.013199 seconds 
========================================================================
Received Import Request.
  Time since last request: 0.000018 seconds.
  path: Assets/Decorations/road_v_1.fbx
  artifactKey: Guid(e76f46822b86040409282562a85ce324) Importer(815301076,1909f56bfc062723c751e8b465ee728b)
Start importing Assets/Decorations/road_v_1.fbx using Guid(e76f46822b86040409282562a85ce324) Importer(815301076,1909f56bfc062723c751e8b465ee728b)  -> (artifact id: 'b5a2dd6a8932cf067653a8dc5141580d') in 0.014644 seconds 
========================================================================
Received Import Request.
  Time since last request: 0.000022 seconds.
  path: Assets/Decorations/tree_7.fbx
  artifactKey: Guid(c9cfba535676c5746aea07a0f248194b) Importer(815301076,1909f56bfc062723c751e8b465ee728b)
Start importing Assets/Decorations/tree_7.fbx using Guid(c9cfba535676c5746aea07a0f248194b) Importer(815301076,1909f56bfc062723c751e8b465ee728b)  -> (artifact id: '0c3a0d81b61a664903821852ee7ead05') in 0.013801 seconds 
========================================================================
Received Import Request.
  Time since last request: 0.000024 seconds.
  path: Assets/Decorations/road.fbx
  artifactKey: Guid(bdbd9d7226778fd4b8192cf3df5e028d) Importer(815301076,1909f56bfc062723c751e8b465ee728b)
Start importing Assets/Decorations/road.fbx using Guid(bdbd9d7226778fd4b8192cf3df5e028d) Importer(815301076,1909f56bfc062723c751e8b465ee728b)  -> (artifact id: '7e63d4b8336f434d0af0fc6a57ebb693') in 0.013902 seconds 
========================================================================
Received Import Request.
  Time since last request: 0.000022 seconds.
  path: Assets/Decorations/car_white.fbx
  artifactKey: Guid(4e0a22c1027c18f42bbe8ab97830e1c9) Importer(815301076,1909f56bfc062723c751e8b465ee728b)
Start importing Assets/Decorations/car_white.fbx using Guid(4e0a22c1027c18f42bbe8ab97830e1c9) Importer(815301076,1909f56bfc062723c751e8b465ee728b)  -> (artifact id: '98ec436eede37345034ed12ac88183e3') in 0.014916 seconds 
